app/build/outputs/logs/manifest-merger-debug-report.txt
-- Merging decision tree log ---
manifest
ADDED from src\main\AndroidManifest.xml:2:1-37:12
	package
		ADDED from src\main\AndroidManifest.xml:3:5-35
		INJECTED from src\main\AndroidManifest.xml
		INJECTED from src\main\AndroidManifest.xml
	android:versionName
		INJECTED from src\main\AndroidManifest.xml
		INJECTED from src\main\AndroidManifest.xml
	xmlns:android
		ADDED from src\main\AndroidManifest.xml:2:11-69
	android:versionCode
		INJECTED from src\main\AndroidManifest.xml
		INJECTED from src\main\AndroidManifest.xml
uses-permission#android.permission.INTERNET
ADDED from src\main\AndroidManifest.xml:5:5-67
	android:name
		ADDED from src\main\AndroidManifest.xml:5:22-64
uses-permission#android.permission.GET_ACCOUNTS
ADDED from src\main\AndroidManifest.xml:8:5-71
	android:name
		ADDED from src\main\AndroidManifest.xml:8:22-68
uses-permission#android.permission.READ_PROFILE
ADDED from src\main\AndroidManifest.xml:9:5-71
	android:name
		ADDED from src\main\AndroidManifest.xml:9:22-68
uses-permission#android.permission.ACCESS_NETWORK_STATE
ADDED from src\main\AndroidManifest.xml:10:5-79
	android:name
		ADDED from src\main\AndroidManifest.xml:10:22-76
application
ADDED from src\main\AndroidManifest.xml:12:5-35:19
MERGED from [com.android.support.constraint:constraint-layout:1.0.2] AndroidManifest.xml:9:5-20
MERGED from [com.android.support:design:23.4.0] AndroidManifest.xml:22:5-20
MERGED from [com.android.support:support-v4:23.4.0] AndroidManifest.xml:22:5-20
MERGED from [com.android.support:appcompat-v7:23.4.0] AndroidManifest.xml:25:5-20
MERGED from [com.android.support:animated-vector-drawable:23.4.0] AndroidManifest.xml:7:5-20
MERGED from [com.android.support:support-vector-drawable:23.4.0] AndroidManifest.xml:7:5-20
	android:label
		ADDED from src\main\AndroidManifest.xml:15:9-41
	android:supportsRtl
		ADDED from src\main\AndroidManifest.xml:16:9-35
	android:allowBackup
		ADDED from src\main\AndroidManifest.xml:13:9-35
	android:icon
		ADDED from src\main\AndroidManifest.xml:14:9-46
	android:theme
		ADDED from src\main\AndroidManifest.xml:17:9-42
activity#uz.a1uz.a1uzdirector.Activity.Login_Activity
ADDED from src\main\AndroidManifest.xml:18:9-24:20
	android:name
		ADDED from src\main\AndroidManifest.xml:18:19-58
intent-filter#android.intent.action.MAIN+android.intent.category.LAUNCHER
ADDED from src\main\AndroidManifest.xml:19:13-23:29
action#android.intent.action.MAIN
ADDED from src\main\AndroidManifest.xml:20:17-69
	android:name
		ADDED from src\main\AndroidManifest.xml:20:25-66
category#android.intent.category.LAUNCHER
ADDED from src\main\AndroidManifest.xml:22:17-77
	android:name
		ADDED from src\main\AndroidManifest.xml:22:27-74
activity#uz.a1uz.a1uzdirector.Activity.Main_Activity
ADDED from src\main\AndroidManifest.xml:25:9-27:71
	android:configChanges
		ADDED from src\main\AndroidManifest.xml:27:13-59
	android:name
		ADDED from src\main\AndroidManifest.xml:26:13-51
activity#uz.a1uz.a1uzdirector.Activity.TablesActivitys.BankTables.AccountsTable
ADDED from src\main\AndroidManifest.xml:28:9-87
	android:name
		ADDED from src\main\AndroidManifest.xml:28:19-84
activity#uz.a1uz.a1uzdirector.Activity.TablesActivitys.BankTables.BankBankReport
ADDED from src\main\AndroidManifest.xml:29:9-88
	android:name
		ADDED from src\main\AndroidManifest.xml:29:19-85
activity#uz.a1uz.a1uzdirector.Activity.TablesActivitys.BankTables.BankPeriodTable
ADDED from src\main\AndroidManifest.xml:30:9-89
	android:name
		ADDED from src\main\AndroidManifest.xml:30:19-86
activity#uz.a1uz.a1uzdirector.Activity.TablesActivitys.ProceedsTables.ProceedsTable
ADDED from src\main\AndroidManifest.xml:31:9-91
	android:name
		ADDED from src\main\AndroidManifest.xml:31:19-88
activity#uz.a1uz.a1uzdirector.Activity.TablesActivitys.ProceedsTables.ProceedsPeriodTable
ADDED from src\main\AndroidManifest.xml:32:9-97
	android:name
		ADDED from src\main\AndroidManifest.xml:32:19-94
activity#uz.a1uz.a1uzdirector.Helpers.DatePeriodPicker
ADDED from src\main\AndroidManifest.xml:33:9-62
	android:name
		ADDED from src\main\AndroidManifest.xml:33:19-59
activity#uz.a1uz.a1uzdirector.Activity.TablesActivitys.StoreTables.StoreTable
ADDED from src\main\AndroidManifest.xml:34:9-94
	android:name
		ADDED from src\main\AndroidManifest.xml:34:19-82
uses-sdk
INJECTED from src\main\AndroidManifest.xml reason: use-sdk injection requested
MERGED from [com.android.support.constraint:constraint-layout:1.0.2] AndroidManifest.xml:5:5-7:41
MERGED from [com.android.support:design:23.4.0] AndroidManifest.xml:20:5-43
MERGED from [com.android.support:recyclerview-v7:23.4.0] AndroidManifest.xml:20:5-43
MERGED from [com.android.support:support-v4:23.4.0] AndroidManifest.xml:20:5-43
MERGED from [com.android.support:appcompat-v7:23.4.0] AndroidManifest.xml:21:5-23:78
MERGED from [com.android.support:animated-vector-drawable:23.4.0] AndroidManifest.xml:5:5-44
MERGED from [com.android.support:support-vector-drawable:23.4.0] AndroidManifest.xml:5:5-43
	tools:overrideLibrary
		ADDED from [com.android.support:appcompat-v7:23.4.0] AndroidManifest.xml:23:9-75
	android:targetSdkVersion
		INJECTED from src\main\AndroidManifest.xml
		INJECTED from src\main\AndroidManifest.xml
	android:minSdkVersion
		INJECTED from src\main\AndroidManifest.xml
		INJECTED from src\main\AndroidManifest.xml